<?xml version="1.0" encoding="UTF-8"?>
<!-- Generated by org.testng.reporters.JUnitReportReporter -->
<testsuite skipped="0" hostname="197blrmb4000131.local" name="com.viki.test.TestAPI" tests="1" failures="0" timestamp="06 Jun 2019 20:00:35 GMT" time="14.368" errors="0">
  <testcase name="apiCall" time="14.368" classname="com.viki.test.TestAPI"/>
</testsuite> <!-- com.viki.test.TestAPI -->
